<?xml version="1.0" encoding="UTF-8"?>
<testsuite name="Variables" tests="1" skipped="0" failures="0" errors="0" timestamp="2021-09-17T10:06:32" hostname="KSU-PC" time="0.01">
  <properties/>
  <testcase name="calculate" classname="Variables" time="0.01"/>
  <system-out><![CDATA[Два предложения: Мама мыла раму. Даша мыла куклу.
]]></system-out>
  <system-err><![CDATA[]]></system-err>
</testsuite>
