<?xml version="1.0" encoding="UTF-8"?>
<testsuite name="Variables" tests="1" skipped="0" failures="0" errors="0" timestamp="2021-09-16T13:49:13" hostname="ray" time="0.034">
  <properties/>
  <testcase name="calculate" classname="Variables" time="0.034"/>
  <system-out><![CDATA[result = 5
]]></system-out>
  <system-err><![CDATA[]]></system-err>
</testsuite>
